<?xml version="1.0" encoding="UTF-8"?>
<!-- Generated by org.testng.reporters.JUnitReportReporter -->
<testsuite skipped="0" hostname="DESKTOP-0IMA24S" name="Basic.MyFirstScriptIE" tests="1" failures="0" timestamp="09 Jun 2018 04:38:49 GMT" time="46.049" errors="0">
  <testcase name="test1" time="46.049" classname="Basic.MyFirstScriptIE"/>
</testsuite> <!-- Basic.MyFirstScriptIE -->
