<?xml version="1.0" encoding="UTF-8"?>
<!-- Generated by org.testng.reporters.JUnitReportReporter -->
<testsuite skipped="0" hostname="DESKTOP-0IMA24S" name="Basic.MultipleWindow" tests="1" failures="0" timestamp="23 Jun 2018 18:13:02 GMT" time="27.579" errors="0">
  <testcase name="test" time="27.579" classname="Basic.MultipleWindow"/>
</testsuite> <!-- Basic.MultipleWindow -->
