<?xml version="1.0" encoding="UTF-8"?>
<!-- Generated by org.testng.reporters.JUnitReportReporter -->
<testsuite skipped="0" hostname="DESKTOP-0IMA24S" name="Basic.MyIFrame" tests="1" failures="0" timestamp="23 Jun 2018 04:14:59 GMT" time="29.634" errors="0">
  <testcase name="My_IFrame" time="29.634" classname="Basic.MyIFrame"/>
</testsuite> <!-- Basic.MyIFrame -->
