<?xml version="1.0" encoding="UTF-8"?>
<!-- Generated by org.testng.reporters.JUnitReportReporter -->
<testsuite skipped="0" hostname="DESKTOP-0IMA24S" name="Advanced.FB_Message_send_Script" tests="1" failures="0" timestamp="25 Jun 2018 09:44:59 GMT" time="54.749" errors="0">
  <testcase name="test4" time="54.749" classname="Advanced.FB_Message_send_Script"/>
</testsuite> <!-- Advanced.FB_Message_send_Script -->
