<?xml version="1.0" encoding="UTF-8"?>
<!-- Generated by org.testng.reporters.JUnitReportReporter -->
<testsuite skipped="0" hostname="DESKTOP-0IMA24S" name="Advanced.MyAttachment" tests="1" failures="0" timestamp="24 Jun 2018 04:07:35 GMT" time="31.933" errors="0">
  <testcase name="test" time="31.933" classname="Advanced.MyAttachment"/>
</testsuite> <!-- Advanced.MyAttachment -->
