<?xml version="1.0" encoding="UTF-8"?>
<!-- Generated by org.testng.reporters.JUnitReportReporter -->
<testsuite skipped="0" hostname="DESKTOP-0IMA24S" name="Basic.MyImplicitWait" tests="1" failures="0" timestamp="23 Jun 2018 04:21:48 GMT" time="6.512" errors="0">
  <testcase name="test" time="6.512" classname="Basic.MyImplicitWait"/>
</testsuite> <!-- Basic.MyImplicitWait -->
