<?xml version="1.0" encoding="UTF-8"?>
<!-- Generated by org.testng.reporters.JUnitReportReporter -->
<testsuite skipped="0" hostname="DESKTOP-0IMA24S" name="Basic.MyBasicScript" tests="1" failures="0" timestamp="15 Jun 2018 14:36:12 GMT" time="18.830" errors="0">
  <testcase name="automationtestingreg" time="18.830" classname="Basic.MyBasicScript"/>
</testsuite> <!-- Basic.MyBasicScript -->
