<?xml version="1.0" encoding="UTF-8"?>
<!-- Generated by org.testng.reporters.JUnitReportReporter -->
<testsuite skipped="0" hostname="DESKTOP-0IMA24S" name="Basic.MultipleSelectScript" tests="1" failures="0" timestamp="28 Jun 2018 12:00:13 GMT" time="14.509" errors="0">
  <testcase name="testMultiSelect" time="14.509" classname="Basic.MultipleSelectScript"/>
</testsuite> <!-- Basic.MultipleSelectScript -->
