<?xml version="1.0" encoding="UTF-8"?>
<!-- Generated by org.testng.reporters.JUnitReportReporter -->
<testsuite skipped="0" hostname="DESKTOP-0IMA24S" name="Advanced.MyScreen_shot" tests="1" failures="0" timestamp="30 Jun 2018 03:41:02 GMT" time="6.100" errors="0">
  <testcase name="test" time="6.100" classname="Advanced.MyScreen_shot"/>
</testsuite> <!-- Advanced.MyScreen_shot -->
