<?xml version="1.0" encoding="UTF-8"?>
<!-- Generated by org.testng.reporters.JUnitReportReporter -->
<testsuite skipped="0" hostname="DESKTOP-0IMA24S" name="Advanced.MyDragDrop" tests="1" failures="0" timestamp="30 Jun 2018 04:13:03 GMT" time="9.991" errors="0">
  <testcase name="myDragDrop" time="9.991" classname="Advanced.MyDragDrop"/>
</testsuite> <!-- Advanced.MyDragDrop -->
