<?xml version="1.0" encoding="UTF-8"?>
<!-- Generated by org.testng.reporters.JUnitReportReporter -->
<testsuite skipped="0" hostname="DESKTOP-0IMA24S" name="Basic.Select_Move_Right_Left" tests="1" failures="0" timestamp="28 Jun 2018 09:54:15 GMT" time="22.157" errors="0">
  <testcase name="select_move" time="22.157" classname="Basic.Select_Move_Right_Left"/>
</testsuite> <!-- Basic.Select_Move_Right_Left -->
