<?xml version="1.0" encoding="UTF-8"?>
<!-- Generated by org.testng.reporters.JUnitReportReporter -->
<testsuite skipped="0" hostname="DESKTOP-0IMA24S" name="Basic.MyAlertandConfirmation" tests="1" failures="0" timestamp="10 Jun 2018 05:20:36 GMT" time="17.134" errors="0">
  <testcase name="AlertChcek" time="17.134" classname="Basic.MyAlertandConfirmation"/>
</testsuite> <!-- Basic.MyAlertandConfirmation -->
